  lsproto.c
C:\Users\xiaojin\skynet\lualib-src\sproto\lsproto.c(340,10): warning C4018: “>”: 有符号/无符号不匹配
C:\Users\xiaojin\skynet\lualib-src\sproto\lsproto.c(418,11): warning C4244: “初始化”: 从“lua_Integer”转换到“int”，可能丢失数据
C:\Users\xiaojin\skynet\lualib-src\sproto\lsproto.c(509,11): warning C4244: “初始化”: 从“uint64_t”转换到“int”，可能丢失数据
C:\Users\xiaojin\skynet\lualib-src\sproto\lsproto.c(610,9): warning C4244: “=”: 从“lua_Integer”转换到“size_t”，可能丢失数据
C:\Users\xiaojin\skynet\lualib-src\sproto\lsproto.c(678,10): warning C4018: “<”: 有符号/无符号不匹配
C:\Users\xiaojin\skynet\lualib-src\sproto\lsproto.c(682,12): warning C4018: “>”: 有符号/无符号不匹配
C:\Users\xiaojin\skynet\lualib-src\sproto\lsproto.c(677,12): warning C4244: “初始化”: 从“lua_Integer”转换到“int”，可能丢失数据
C:\Users\xiaojin\skynet\lualib-src\sproto\lsproto.c(695,12): warning C4244: “初始化”: 从“lua_Integer”转换到“int”，可能丢失数据
C:\Users\xiaojin\skynet\lualib-src\sproto\lsproto.c(730,9): warning C4244: “=”: 从“lua_Integer”转换到“int”，可能丢失数据
C:\Users\xiaojin\skynet\lualib-src\sproto\lsproto.c(772,14): warning C4244: “初始化”: 从“lua_Integer”转换到“int”，可能丢失数据
C:\Users\xiaojin\skynet\lualib-src\sproto\lsproto.c(783,14): warning C4244: “初始化”: 从“lua_Integer”转换到“int”，可能丢失数据
  sproto.c
C:\Users\xiaojin\skynet\lualib-src\sproto\sproto.c(104,9): warning C4018: “>=”: 有符号/无符号不匹配
C:\Users\xiaojin\skynet\lualib-src\sproto\sproto.c(153,9): warning C4018: “<”: 有符号/无符号不匹配
C:\Users\xiaojin\skynet\lualib-src\sproto\sproto.c(1068,11): warning C4018: “>”: 有符号/无符号不匹配
C:\Users\xiaojin\skynet\lualib-src\sproto\sproto.c(1121,14): warning C4018: “<”: 有符号/无符号不匹配
C:\Users\xiaojin\skynet\lualib-src\sproto\sproto.c(1131,14): warning C4018: “<”: 有符号/无符号不匹配
C:\Users\xiaojin\skynet\lualib-src\sproto\sproto.c(1146,13): warning C4018: “<”: 有符号/无符号不匹配
C:\Users\xiaojin\skynet\lualib-src\sproto\sproto.c(1203,13): warning C4018: “<”: 有符号/无符号不匹配
  正在生成代码...
    正在创建库 C:\Users\xiaojin\skynet\vs\..\luaclib\sproto.lib 和对象 C:\Users\xiaojin\skynet\vs\..\luaclib\sproto.exp
  sproto.vcxproj -> C:\Users\xiaojin\skynet\luaclib\sproto.so
