c:\users\xiaojin\skynet\vs\output\main\debug\vc143.pdb
c:\users\xiaojin\skynet\vs\output\main\debug\vc143.idb
c:\users\xiaojin\skynet\vs\output\main\debug\wepoll.obj
c:\users\xiaojin\skynet\vs\output\main\debug\socket_server.obj
c:\users\xiaojin\skynet\vs\output\main\debug\skynet_timer.obj
c:\users\xiaojin\skynet\vs\output\main\debug\skynet_start.obj
c:\users\xiaojin\skynet\vs\output\main\debug\skynet_socket.obj
c:\users\xiaojin\skynet\vs\output\main\debug\skynet_server.obj
c:\users\xiaojin\skynet\vs\output\main\debug\skynet_mq.obj
c:\users\xiaojin\skynet\vs\output\main\debug\skynet_monitor.obj
c:\users\xiaojin\skynet\vs\output\main\debug\skynet_module.obj
c:\users\xiaojin\skynet\vs\output\main\debug\skynet_main.obj
c:\users\xiaojin\skynet\vs\output\main\debug\skynet_log.obj
c:\users\xiaojin\skynet\vs\output\main\debug\skynet_harbor.obj
c:\users\xiaojin\skynet\vs\output\main\debug\skynet_handle.obj
c:\users\xiaojin\skynet\vs\output\main\debug\skynet_error.obj
c:\users\xiaojin\skynet\vs\output\main\debug\skynet_env.obj
c:\users\xiaojin\skynet\vs\output\main\debug\skynet_daemon.obj
c:\users\xiaojin\skynet\vs\output\main\debug\malloc_hook.obj
c:\users\xiaojin\skynet\vs\output\main\debug\skynet.ilk
c:\users\xiaojin\skynet\skynet.exe
c:\users\xiaojin\skynet\skynet.pdb
c:\users\xiaojin\skynet\skynet.lib
c:\users\xiaojin\skynet\skynet.exp
c:\users\xiaojin\skynet\vs\..\skynet.pdb
c:\users\xiaojin\skynet\vs\output\main\debug\skynet.tlog\cl.command.1.tlog
c:\users\xiaojin\skynet\vs\output\main\debug\skynet.tlog\cl.items.tlog
c:\users\xiaojin\skynet\vs\output\main\debug\skynet.tlog\cl.read.1.tlog
c:\users\xiaojin\skynet\vs\output\main\debug\skynet.tlog\cl.write.1.tlog
c:\users\xiaojin\skynet\vs\output\main\debug\skynet.tlog\link.command.1.tlog
c:\users\xiaojin\skynet\vs\output\main\debug\skynet.tlog\link.read.1.tlog
c:\users\xiaojin\skynet\vs\output\main\debug\skynet.tlog\link.write.1.tlog
c:\users\xiaojin\skynet\vs\output\main\debug\skynet.tlog\link.write.2u.tlog
