c:\users\xiaojin\skynet\vs\output\skynet\debug\vc143.pdb
c:\users\xiaojin\skynet\vs\output\skynet\debug\vc143.idb
c:\users\xiaojin\skynet\vs\output\skynet\debug\lua-stm.obj
c:\users\xiaojin\skynet\vs\output\skynet\debug\lua-socket.obj
c:\users\xiaojin\skynet\vs\output\skynet\debug\lua-skynet.obj
c:\users\xiaojin\skynet\vs\output\skynet\debug\lua-sharetable.obj
c:\users\xiaojin\skynet\vs\output\skynet\debug\lua-sharedata.obj
c:\users\xiaojin\skynet\vs\output\skynet\debug\lua-seri.obj
c:\users\xiaojin\skynet\vs\output\skynet\debug\lua-netpack.obj
c:\users\xiaojin\skynet\vs\output\skynet\debug\lua-multicast.obj
c:\users\xiaojin\skynet\vs\output\skynet\debug\lua-mongo.obj
c:\users\xiaojin\skynet\vs\output\skynet\debug\lua-memory.obj
c:\users\xiaojin\skynet\vs\output\skynet\debug\lua-debugchannel.obj
c:\users\xiaojin\skynet\vs\output\skynet\debug\lua-crypt.obj
c:\users\xiaojin\skynet\vs\output\skynet\debug\lua-cluster.obj
c:\users\xiaojin\skynet\vs\output\skynet\debug\lsha1.obj
c:\users\xiaojin\skynet\vs\..\luaclib\skynet.pdb
c:\users\xiaojin\skynet\vs\output\skynet\debug\skynet.tlog\cl.command.1.tlog
c:\users\xiaojin\skynet\vs\output\skynet\debug\skynet.tlog\cl.read.1.tlog
c:\users\xiaojin\skynet\vs\output\skynet\debug\skynet.tlog\cl.write.1.tlog
c:\users\xiaojin\skynet\vs\output\skynet\debug\skynet.tlog\link-cvtres.read.1.tlog
c:\users\xiaojin\skynet\vs\output\skynet\debug\skynet.tlog\link-cvtres.write.1.tlog
c:\users\xiaojin\skynet\vs\output\skynet\debug\skynet.tlog\link-rc.read.1.tlog
c:\users\xiaojin\skynet\vs\output\skynet\debug\skynet.tlog\link-rc.write.1.tlog
c:\users\xiaojin\skynet\vs\output\skynet\debug\skynet.tlog\link.command.1.tlog
c:\users\xiaojin\skynet\vs\output\skynet\debug\skynet.tlog\link.read.1.tlog
c:\users\xiaojin\skynet\vs\output\skynet\debug\skynet.tlog\link.write.1.tlog
