c:\users\xiaojin\skynet\vs\output\lua\debug\vc143.pdb
c:\users\xiaojin\skynet\vs\output\lua\debug\vc143.idb
c:\users\xiaojin\skynet\vs\output\lua\debug\lopcodes.obj
c:\users\xiaojin\skynet\vs\output\lua\debug\lobject.obj
c:\users\xiaojin\skynet\vs\output\lua\debug\loadlib.obj
c:\users\xiaojin\skynet\vs\output\lua\debug\lmem.obj
c:\users\xiaojin\skynet\vs\output\lua\debug\lmathlib.obj
c:\users\xiaojin\skynet\vs\output\lua\debug\llex.obj
c:\users\xiaojin\skynet\vs\output\lua\debug\liolib.obj
c:\users\xiaojin\skynet\vs\output\lua\debug\linit.obj
c:\users\xiaojin\skynet\vs\output\lua\debug\lgc.obj
c:\users\xiaojin\skynet\vs\output\lua\debug\lfunc.obj
c:\users\xiaojin\skynet\vs\output\lua\debug\ldump.obj
c:\users\xiaojin\skynet\vs\output\lua\debug\ldo.obj
c:\users\xiaojin\skynet\vs\output\lua\debug\ldebug.obj
c:\users\xiaojin\skynet\vs\output\lua\debug\ldblib.obj
c:\users\xiaojin\skynet\vs\output\lua\debug\lctype.obj
c:\users\xiaojin\skynet\vs\output\lua\debug\lcorolib.obj
c:\users\xiaojin\skynet\vs\output\lua\debug\lcode.obj
c:\users\xiaojin\skynet\vs\output\lua\debug\lbaselib.obj
c:\users\xiaojin\skynet\vs\output\lua\debug\lauxlib.obj
c:\users\xiaojin\skynet\vs\output\lua\debug\lapi.obj
c:\users\xiaojin\skynet\vs\output\lua\debug\lzio.obj
c:\users\xiaojin\skynet\vs\output\lua\debug\lvm.obj
c:\users\xiaojin\skynet\vs\output\lua\debug\lutf8lib.obj
c:\users\xiaojin\skynet\vs\output\lua\debug\lundump.obj
c:\users\xiaojin\skynet\vs\output\lua\debug\ltm.obj
c:\users\xiaojin\skynet\vs\output\lua\debug\ltablib.obj
c:\users\xiaojin\skynet\vs\output\lua\debug\ltable.obj
c:\users\xiaojin\skynet\vs\output\lua\debug\lstrlib.obj
c:\users\xiaojin\skynet\vs\output\lua\debug\lstring.obj
c:\users\xiaojin\skynet\vs\output\lua\debug\lstate.obj
c:\users\xiaojin\skynet\vs\output\lua\debug\lparser.obj
c:\users\xiaojin\skynet\vs\output\lua\debug\loslib.obj
c:\users\xiaojin\skynet\vs\output\lua\debug\lua.ilk
c:\users\xiaojin\skynet\lua.dll
c:\users\xiaojin\skynet\lua.pdb
c:\users\xiaojin\skynet\lua.lib
c:\users\xiaojin\skynet\lua.exp
c:\users\xiaojin\skynet\vs\..\lua.pdb
c:\users\xiaojin\skynet\vs\output\lua\debug\lua.tlog\cl.command.1.tlog
c:\users\xiaojin\skynet\vs\output\lua\debug\lua.tlog\cl.items.tlog
c:\users\xiaojin\skynet\vs\output\lua\debug\lua.tlog\cl.read.1.tlog
c:\users\xiaojin\skynet\vs\output\lua\debug\lua.tlog\cl.write.1.tlog
c:\users\xiaojin\skynet\vs\output\lua\debug\lua.tlog\link.command.1.tlog
c:\users\xiaojin\skynet\vs\output\lua\debug\lua.tlog\link.read.1.tlog
c:\users\xiaojin\skynet\vs\output\lua\debug\lua.tlog\link.write.1.tlog
c:\users\xiaojin\skynet\vs\output\lua\debug\lua.tlog\link.write.2u.tlog
